0 info it worked if it ends with ok
1 verbose cli [ 'C:\\Program Files\\nodejs\\node.exe',
1 verbose cli   'C:\\Users\\csuto\\AppData\\Roaming\\npm\\node_modules\\npm\\bin\\npm-cli.js',
1 verbose cli   'start' ]
2 info using npm@3.7.5
3 info using node@v5.7.0
4 verbose run-script [ 'prestart', 'start', 'poststart' ]
5 info lifecycle server-side-javascript-course@1.0.0~prestart: server-side-javascript-course@1.0.0
6 silly lifecycle server-side-javascript-course@1.0.0~prestart: no script for prestart, continuing
7 info lifecycle server-side-javascript-course@1.0.0~start: server-side-javascript-course@1.0.0
8 verbose lifecycle server-side-javascript-course@1.0.0~start: unsafe-perm in lifecycle true
9 verbose lifecycle server-side-javascript-course@1.0.0~start: PATH: C:\Users\csuto\AppData\Roaming\npm\node_modules\npm\bin\node-gyp-bin;D:\Programming\node\Server-side-javascript-course\node_modules\.bin;C:\Program Files\nodejs;C:\ProgramData\Oracle\Java\javapath;C:\WINDOWS\system32;C:\WINDOWS;C:\WINDOWS\System32\Wbem;C:\WINDOWS\System32\WindowsPowerShell\v1.0\;C:\Program Files (x86)\ATI Technologies\ATI.ACE\Core-Static;C:\Program Files (x86)\AMD\ATI.ACE\Core-Static;C:\WINDOWS\system32\config\systemprofile\.dnx\bin;C:\Program Files\Microsoft DNX\Dnvm\;C:\Program Files (x86)\Windows Kits\8.1\Windows Performance Toolkit\;C:\Program Files\Microsoft SQL Server\120\Tools\Binn\;C:\Program Files\Microsoft SQL Server\Client SDK\ODBC\110\Tools\Binn\;C:\Program Files (x86)\Microsoft SQL Server\120\Tools\Binn\;C:\Program Files\Microsoft SQL Server\120\DTS\Binn\;C:\Program Files\Java\jdk1.8.0_45\bin;C:\Program Files\OpenVPN\bin;C:\Program Files\MongoDB\Server\3.0\bin;C:\Program Files\Git\cmd;C:\Program Files (x86)\Skype\Phone\;C:\Program Files\nodejs\;C:\Ruby21-x64\bin;C:\Ruby22-x64\bin;C:\Program Files (x86)\Microsoft VS Code\bin;C:\Users\csuto\AppData\Roaming\npm
10 verbose lifecycle server-side-javascript-course@1.0.0~start: CWD: D:\Programming\node\Server-side-javascript-course
11 silly lifecycle server-side-javascript-course@1.0.0~start: Args: [ '/d /s /c', 'node server.js' ]
12 silly lifecycle server-side-javascript-course@1.0.0~start: Returned: code: 3221225786  signal: null
13 info lifecycle server-side-javascript-course@1.0.0~start: Failed to exec start script
14 verbose stack Error: server-side-javascript-course@1.0.0 start: `node server.js`
14 verbose stack Exit status 3221225786
14 verbose stack     at EventEmitter.<anonymous> (C:\Users\csuto\AppData\Roaming\npm\node_modules\npm\lib\utils\lifecycle.js:239:16)
14 verbose stack     at emitTwo (events.js:100:13)
14 verbose stack     at EventEmitter.emit (events.js:185:7)
14 verbose stack     at ChildProcess.<anonymous> (C:\Users\csuto\AppData\Roaming\npm\node_modules\npm\lib\utils\spawn.js:24:14)
14 verbose stack     at emitTwo (events.js:100:13)
14 verbose stack     at ChildProcess.emit (events.js:185:7)
14 verbose stack     at maybeClose (internal/child_process.js:827:16)
14 verbose stack     at Process.ChildProcess._handle.onexit (internal/child_process.js:211:5)
15 verbose pkgid server-side-javascript-course@1.0.0
16 verbose cwd D:\Programming\node\Server-side-javascript-course
17 error Windows_NT 10.0.10586
18 error argv "C:\\Program Files\\nodejs\\node.exe" "C:\\Users\\csuto\\AppData\\Roaming\\npm\\node_modules\\npm\\bin\\npm-cli.js" "start"
19 error node v5.7.0
20 error npm  v3.7.5
21 error code ELIFECYCLE
22 error server-side-javascript-course@1.0.0 start: `node server.js`
22 error Exit status 3221225786
23 error Failed at the server-side-javascript-course@1.0.0 start script 'node server.js'.
23 error Make sure you have the latest version of node.js and npm installed.
23 error If you do, this is most likely a problem with the server-side-javascript-course package,
23 error not with npm itself.
23 error Tell the author that this fails on your system:
23 error     node server.js
23 error You can get information on how to open an issue for this project with:
23 error     npm bugs server-side-javascript-course
23 error Or if that isn't available, you can get their info via:
23 error     npm owner ls server-side-javascript-course
23 error There is likely additional logging output above.
24 verbose exit [ 1, true ]
